<?xml version="1.0" encoding="UTF-8"?>
<!-- Generated by org.testng.reporters.JUnitReportReporter -->
<testsuite hostname="AsusLaptop" failures="0" tests="1" name="testCases.LoginClass" time="3.415" errors="0" timestamp="2021-03-24T10:39:37 IST" skipped="0">
  <testcase classname="testCases.LoginClass" name="login" time="3.415"/>
  <system-out/>
</testsuite> <!-- testCases.LoginClass -->
